<?xml version="1.0" encoding="UTF-8"?>
<!-- Generated by org.testng.reporters.JUnitReportReporter -->
<testsuite hostname="MVTL1076LT" name="Test.Test" tests="1" failures="0" timestamp="12 Jan 2017 04:43:43 GMT" time="34.871" errors="0">
  <testcase name="testLoginPage" time="34.871" classname="Test.Test"/>
</testsuite> <!-- Test.Test -->
