<?xml version="1.0" encoding="UTF-8"?>
<!-- Generated by org.testng.reporters.JUnitReportReporter -->
<testsuite hostname="MVTL1076LT" name="testNG.NewTest" tests="2" failures="0" timestamp="7 Jul 2017 07:37:41 GMT" time="35.891" errors="0">
  <testcase name="openBrowser" time="16.889" classname="testNG.NewTest"/>
  <testcase name="openBrowser" time="19.002" classname="testNG.NewTest"/>
</testsuite> <!-- testNG.NewTest -->
