<?xml version="1.0" encoding="UTF-8"?>
<!-- Generated by org.testng.reporters.JUnitReportReporter -->
<testsuite hostname="MVTL1076LT" name="testNG.testNG_practice" tests="2" failures="0" timestamp="10 Jun 2017 11:03:01 GMT" time="0.017" errors="0">
  <testcase name="testMethod" time="0.002" classname="testNG.testNG_practice"/>
  <testcase name="method9" time="0.015" classname="testNG.testNG_practice"/>
</testsuite> <!-- testNG.testNG_practice -->
