<?xml version="1.0" encoding="UTF-8"?>
<!-- Generated by org.testng.reporters.JUnitReportReporter -->
<testsuite hostname="MVTL1076LT" name="com.google.tests.GoogleHomePageTest" tests="1" failures="0" timestamp="19 Jan 2017 06:06:12 GMT" time="14.047" errors="0">
  <testcase name="verifyGooglePageTitle" time="14.047" classname="com.google.tests.GoogleHomePageTest"/>
</testsuite> <!-- com.google.tests.GoogleHomePageTest -->
