<?xml version="1.0" encoding="UTF-8"?>
<!-- Generated by org.testng.reporters.JUnitReportReporter -->
<testsuite hostname="MVTL1076LT" name="day_1.Session2" tests="2" failures="0" timestamp="27 Jan 2017 11:09:57 GMT" time="74.853" errors="0">
  <testcase name="facebook" time="42.518" classname="day_1.Session2"/>
  <testcase name="facebook1" time="32.335" classname="day_1.Session2"/>
</testsuite> <!-- day_1.Session2 -->
