<?xml version="1.0" encoding="UTF-8"?>
<!-- Generated by org.testng.reporters.JUnitReportReporter -->
<testsuite hostname="MVTL1076LT" name="testng.Annotation_Sequence" tests="3" failures="0" timestamp="22 Jul 2017 07:05:07 GMT" time="0.014" errors="0">
  <testcase name="testCase2" time="0.003" classname="testng.Annotation_Sequence"/>
  <testcase name="testCase1" time="0.009" classname="testng.Annotation_Sequence"/>
  <testcase name="testCase3" time="0.002" classname="testng.Annotation_Sequence"/>
</testsuite> <!-- testng.Annotation_Sequence -->
