<?xml version="1.0" encoding="UTF-8"?>
<!-- Generated by org.testng.reporters.JUnitReportReporter -->
<testsuite hostname="MVTL1076LT" name="testng_practice.Test_2" tests="4" failures="0" timestamp="27 Jun 2017 06:03:13 GMT" time="0.020" errors="0">
  <testcase name="testCase3" time="0.003" classname="testng_practice.Test_2"/>
  <testcase name="testCase4" time="0.003" classname="testng_practice.Test_2"/>
  <testcase name="testCase1" time="0.013" classname="testng_practice.Test_2"/>
  <testcase name="testCase2" time="0.001" classname="testng_practice.Test_2"/>
</testsuite> <!-- testng_practice.Test_2 -->
