<?xml version="1.0" encoding="UTF-8"?>
<!-- Generated by org.testng.reporters.JUnitReportReporter -->
<testsuite hostname="MVTL1076LT" name="selenium_Automation.Mouse_Hover" tests="1" failures="0" timestamp="22 Jul 2017 06:34:41 GMT" time="0.002" errors="0">
  <testcase name="mouse" time="0.002" classname="selenium_Automation.Mouse_Hover"/>
</testsuite> <!-- selenium_Automation.Mouse_Hover -->
