<?xml version="1.0" encoding="UTF-8"?>
<!-- Generated by org.testng.reporters.JUnitReportReporter -->
<testsuite hostname="MVTL1076LT" name="testng.NewTest" tests="2" failures="0" timestamp="22 Jul 2017 07:40:03 GMT" time="64.166" errors="0">
  <testcase name="goToWebsite" time="48.736" classname="testng.NewTest"/>
  <testcase name="goToWebsite" time="15.430" classname="testng.NewTest"/>
</testsuite> <!-- testng.NewTest -->
