<?xml version="1.0" encoding="UTF-8"?>
<!-- Generated by org.testng.reporters.JUnitReportReporter -->
<testsuite hostname="MVTL1076LT" name="testing.Grid" tests="1" failures="0" timestamp="6 Jan 2017 06:48:59 GMT" time="9.659" errors="0">
  <testcase name="f" time="9.659" classname="testing.Grid"/>
</testsuite> <!-- testing.Grid -->
