<?xml version="1.0" encoding="UTF-8"?>
<!-- Generated by org.testng.reporters.JUnitReportReporter -->
<testsuite hostname="MVTL1076LT" name="testing.SeleniumGrid" tests="1" failures="0" timestamp="10 Jan 2017 05:03:05 GMT" time="5.235" errors="0">
  <testcase name="f" time="5.235" classname="testing.SeleniumGrid"/>
</testsuite> <!-- testing.SeleniumGrid -->
